mode: atomic
github.com/akasprzok/peat/main.go:8.13,14.2 3 0
github.com/akasprzok/peat/internal/charts/barchart.go:12.54,14.32 2 0
github.com/akasprzok/peat/internal/charts/barchart.go:14.32,21.3 1 0
github.com/akasprzok/peat/internal/charts/barchart.go:23.2,26.18 3 0
github.com/akasprzok/peat/internal/charts/charts.go:18.28,20.2 1 0
github.com/akasprzok/peat/internal/charts/charts.go:22.50,24.16 2 0
github.com/akasprzok/peat/internal/charts/charts.go:24.16,27.3 2 0
github.com/akasprzok/peat/internal/charts/charts.go:28.2,29.17 2 0
github.com/akasprzok/peat/internal/charts/charts.go:32.55,34.16 2 0
github.com/akasprzok/peat/internal/charts/charts.go:34.16,37.3 2 0
github.com/akasprzok/peat/internal/charts/charts.go:38.2,39.17 2 0
github.com/akasprzok/peat/internal/charts/timeseries.go:24.56,27.32 3 0
github.com/akasprzok/peat/internal/charts/timeseries.go:27.32,28.40 1 0
github.com/akasprzok/peat/internal/charts/timeseries.go:28.40,29.32 1 0
github.com/akasprzok/peat/internal/charts/timeseries.go:29.32,31.5 1 0
github.com/akasprzok/peat/internal/charts/timeseries.go:32.4,32.32 1 0
github.com/akasprzok/peat/internal/charts/timeseries.go:32.32,34.5 1 0
github.com/akasprzok/peat/internal/charts/timeseries.go:38.2,51.32 11 0
github.com/akasprzok/peat/internal/charts/timeseries.go:51.32,56.40 5 0
github.com/akasprzok/peat/internal/charts/timeseries.go:56.40,62.4 2 0
github.com/akasprzok/peat/internal/charts/timeseries.go:65.2,67.36 2 0
github.com/akasprzok/peat/cmd/peat.go:8.13,14.2 3 0
github.com/akasprzok/peat/internal/tables/tables.go:19.53,21.2 1 0
github.com/akasprzok/peat/internal/tables/tables.go:23.53,27.32 4 0
github.com/akasprzok/peat/internal/tables/tables.go:27.32,28.35 1 0
github.com/akasprzok/peat/internal/tables/tables.go:28.35,30.4 1 0
github.com/akasprzok/peat/internal/tables/tables.go:31.3,33.50 3 0
github.com/akasprzok/peat/internal/tables/tables.go:33.50,35.4 1 0
github.com/akasprzok/peat/internal/tables/tables.go:36.3,40.6 1 0
github.com/akasprzok/peat/internal/tables/tables.go:43.2,58.8 2 0
github.com/akasprzok/peat/internal/tables/tables.go:61.29,63.2 1 0
github.com/akasprzok/peat/internal/tables/tables.go:65.57,74.40 4 0
github.com/akasprzok/peat/internal/tables/tables.go:74.40,75.26 1 0
github.com/akasprzok/peat/internal/tables/tables.go:76.22,77.33 1 0
github.com/akasprzok/peat/internal/tables/tables.go:81.2,81.30 1 0
github.com/akasprzok/peat/internal/tables/tables.go:84.30,91.2 4 0
github.com/akasprzok/peat/internal/prometheus/prometheus.go:26.35,30.16 2 0
github.com/akasprzok/peat/internal/prometheus/prometheus.go:30.16,33.3 2 0
github.com/akasprzok/peat/internal/prometheus/prometheus.go:34.2,35.40 2 0
github.com/akasprzok/peat/internal/prometheus/prometheus.go:38.106,43.16 5 0
github.com/akasprzok/peat/internal/prometheus/prometheus.go:43.16,45.3 1 0
github.com/akasprzok/peat/internal/prometheus/prometheus.go:47.2,47.23 1 0
github.com/akasprzok/peat/internal/prometheus/prometheus.go:48.23,50.26 2 0
github.com/akasprzok/peat/internal/prometheus/prometheus.go:51.72,52.83 1 0
github.com/akasprzok/peat/internal/prometheus/prometheus.go:53.10,54.80 1 0
github.com/akasprzok/peat/internal/prometheus/prometheus.go:58.153,67.16 5 0
github.com/akasprzok/peat/internal/prometheus/prometheus.go:67.16,69.3 1 0
github.com/akasprzok/peat/internal/prometheus/prometheus.go:71.2,71.23 1 0
github.com/akasprzok/peat/internal/prometheus/prometheus.go:72.23,74.26 2 0
github.com/akasprzok/peat/internal/prometheus/prometheus.go:75.72,76.83 1 0
github.com/akasprzok/peat/internal/prometheus/prometheus.go:77.10,78.80 1 0
github.com/akasprzok/peat/internal/prometheus/prometheus.go:82.147,86.16 4 0
github.com/akasprzok/peat/internal/prometheus/prometheus.go:86.16,88.3 1 0
github.com/akasprzok/peat/internal/prometheus/prometheus.go:89.2,89.30 1 0
github.com/akasprzok/peat/internal/prometheus/prometheus.go:92.39,94.16 2 0
github.com/akasprzok/peat/internal/prometheus/prometheus.go:94.16,96.3 1 0
github.com/akasprzok/peat/internal/prometheus/prometheus.go:97.2,97.22 1 0
github.com/akasprzok/peat/internal/commands/format_query.go:13.48,16.2 2 0
github.com/akasprzok/peat/internal/commands/query.go:16.44,21.16 4 0
github.com/akasprzok/peat/internal/commands/query.go:21.16,23.3 1 0
github.com/akasprzok/peat/internal/commands/query.go:26.2,26.43 1 0
github.com/akasprzok/peat/internal/commands/query.go:26.43,27.20 1 0
github.com/akasprzok/peat/internal/commands/query.go:27.20,29.4 1 0
github.com/akasprzok/peat/internal/commands/query.go:32.2,32.12 1 0
github.com/akasprzok/peat/internal/commands/query.go:35.88,37.32 2 0
github.com/akasprzok/peat/internal/commands/query.go:37.32,43.3 1 0
github.com/akasprzok/peat/internal/commands/query.go:45.2,45.16 1 0
github.com/akasprzok/peat/internal/commands/query.go:45.16,51.3 1 0
github.com/akasprzok/peat/internal/commands/query.go:52.2,56.3 1 0
github.com/akasprzok/peat/internal/commands/query_model.go:58.85,71.2 4 0
github.com/akasprzok/peat/internal/commands/query_model.go:73.36,78.2 1 0
github.com/akasprzok/peat/internal/commands/query_model.go:80.44,81.24 1 0
github.com/akasprzok/peat/internal/commands/query_model.go:81.24,88.3 2 0
github.com/akasprzok/peat/internal/commands/query_model.go:91.62,92.27 1 0
github.com/akasprzok/peat/internal/commands/query_model.go:93.25,94.38 1 0
github.com/akasprzok/peat/internal/commands/query_model.go:95.18,96.29 1 0
github.com/akasprzok/peat/internal/commands/query_model.go:97.22,98.34 1 0
github.com/akasprzok/peat/internal/commands/query_model.go:99.23,100.34 1 0
github.com/akasprzok/peat/internal/commands/query_model.go:104.2,104.57 1 0
github.com/akasprzok/peat/internal/commands/query_model.go:104.57,106.3 1 0
github.com/akasprzok/peat/internal/commands/query_model.go:108.2,108.15 1 0
github.com/akasprzok/peat/internal/commands/query_model.go:111.72,115.2 3 0
github.com/akasprzok/peat/internal/commands/query_model.go:117.71,118.57 1 0
github.com/akasprzok/peat/internal/commands/query_model.go:118.57,120.54 1 0
github.com/akasprzok/peat/internal/commands/query_model.go:120.54,122.52 2 0
github.com/akasprzok/peat/internal/commands/query_model.go:122.52,125.5 2 0
github.com/akasprzok/peat/internal/commands/query_model.go:129.2,129.53 1 0
github.com/akasprzok/peat/internal/commands/query_model.go:129.53,132.3 2 0
github.com/akasprzok/peat/internal/commands/query_model.go:134.2,134.15 1 0
github.com/akasprzok/peat/internal/commands/query_model.go:137.80,142.18 4 0
github.com/akasprzok/peat/internal/commands/query_model.go:142.18,145.3 2 0
github.com/akasprzok/peat/internal/commands/query_model.go:147.2,147.31 1 0
github.com/akasprzok/peat/internal/commands/query_model.go:150.63,151.18 1 0
github.com/akasprzok/peat/internal/commands/query_model.go:152.15,153.31 1 0
github.com/akasprzok/peat/internal/commands/query_model.go:154.15,155.31 1 0
github.com/akasprzok/peat/internal/commands/query_model.go:156.10,159.21 2 0
github.com/akasprzok/peat/internal/commands/query_model.go:163.62,166.16 3 0
github.com/akasprzok/peat/internal/commands/query_model.go:166.16,168.3 1 0
github.com/akasprzok/peat/internal/commands/query_model.go:169.2,170.20 2 0
github.com/akasprzok/peat/internal/commands/query_model.go:173.62,175.16 2 0
github.com/akasprzok/peat/internal/commands/query_model.go:175.16,179.3 3 0
github.com/akasprzok/peat/internal/commands/query_model.go:180.2,182.31 3 0
github.com/akasprzok/peat/internal/commands/query_model.go:185.81,186.29 1 0
github.com/akasprzok/peat/internal/commands/query_model.go:186.29,190.3 3 0
github.com/akasprzok/peat/internal/commands/query_model.go:191.2,191.15 1 0
github.com/akasprzok/peat/internal/commands/query_model.go:194.72,196.50 2 0
github.com/akasprzok/peat/internal/commands/query_model.go:196.50,199.3 2 0
github.com/akasprzok/peat/internal/commands/query_model.go:200.2,200.15 1 0
github.com/akasprzok/peat/internal/commands/query_model.go:203.35,204.48 1 0
github.com/akasprzok/peat/internal/commands/query_model.go:204.48,206.3 1 0
github.com/akasprzok/peat/internal/commands/query_model.go:208.2,210.17 2 0
github.com/akasprzok/peat/internal/commands/query_model.go:211.20,212.88 1 0
github.com/akasprzok/peat/internal/commands/query_model.go:214.18,216.69 2 0
github.com/akasprzok/peat/internal/commands/query_model.go:218.20,220.26 1 0
github.com/akasprzok/peat/internal/commands/query_model.go:220.26,223.33 3 0
github.com/akasprzok/peat/internal/commands/query_model.go:223.33,225.5 1 0
github.com/akasprzok/peat/internal/commands/query_model.go:226.4,226.23 1 0
github.com/akasprzok/peat/internal/commands/query_model.go:230.3,230.19 1 0
github.com/akasprzok/peat/internal/commands/query_model.go:231.16,233.23 2 0
github.com/akasprzok/peat/internal/commands/query_model.go:234.15,237.18 3 0
github.com/akasprzok/peat/internal/commands/query_model.go:237.18,239.5 1 0
github.com/akasprzok/peat/internal/commands/query_model.go:239.10,242.5 2 0
github.com/akasprzok/peat/internal/commands/query_model.go:243.15,246.18 3 0
github.com/akasprzok/peat/internal/commands/query_model.go:246.18,248.5 1 0
github.com/akasprzok/peat/internal/commands/query_model.go:248.10,251.5 2 0
github.com/akasprzok/peat/internal/commands/query_model.go:254.25,255.26 1 0
github.com/akasprzok/peat/internal/commands/query_model.go:255.26,257.27 1 0
github.com/akasprzok/peat/internal/commands/query_model.go:257.27,261.5 3 0
github.com/akasprzok/peat/internal/commands/query_model.go:262.4,262.38 1 0
github.com/akasprzok/peat/internal/commands/query_model.go:266.2,266.19 1 0
github.com/akasprzok/peat/internal/commands/query_model.go:270.88,272.2 1 0
github.com/akasprzok/peat/internal/commands/query_range.go:21.49,26.18 5 0
github.com/akasprzok/peat/internal/commands/query_range.go:27.15,28.17 1 0
github.com/akasprzok/peat/internal/commands/query_range.go:28.17,30.4 1 0
github.com/akasprzok/peat/internal/commands/query_range.go:31.3,31.24 1 0
github.com/akasprzok/peat/internal/commands/query_range.go:31.24,33.4 1 0
github.com/akasprzok/peat/internal/commands/query_range.go:34.3,35.34 2 0
github.com/akasprzok/peat/internal/commands/query_range.go:36.14,39.17 3 0
github.com/akasprzok/peat/internal/commands/query_range.go:39.17,41.4 1 0
github.com/akasprzok/peat/internal/commands/query_range.go:42.3,42.33 1 0
github.com/akasprzok/peat/internal/commands/query_range.go:43.14,46.17 3 0
github.com/akasprzok/peat/internal/commands/query_range.go:46.17,48.4 1 0
github.com/akasprzok/peat/internal/commands/query_range.go:49.3,49.33 1 0
github.com/akasprzok/peat/internal/commands/query_range.go:51.2,51.12 1 0
github.com/akasprzok/peat/internal/commands/query_range.go:54.85,56.32 2 0
github.com/akasprzok/peat/internal/commands/query_range.go:56.32,58.39 2 0
github.com/akasprzok/peat/internal/commands/query_range.go:58.39,63.4 1 0
github.com/akasprzok/peat/internal/commands/query_range.go:64.3,67.5 1 0
github.com/akasprzok/peat/internal/commands/query_range.go:70.2,70.16 1 0
github.com/akasprzok/peat/internal/commands/query_range.go:70.16,76.3 1 0
github.com/akasprzok/peat/internal/commands/query_range.go:77.2,81.3 1 0
github.com/akasprzok/peat/internal/commands/series.go:20.45,25.16 5 0
github.com/akasprzok/peat/internal/commands/series.go:25.16,28.3 2 0
github.com/akasprzok/peat/internal/commands/series.go:29.2,29.23 1 0
github.com/akasprzok/peat/internal/commands/series.go:29.23,31.3 1 0
github.com/akasprzok/peat/internal/commands/series.go:32.2,32.21 1 0
github.com/akasprzok/peat/internal/commands/series.go:32.21,33.19 1 0
github.com/akasprzok/peat/internal/commands/series.go:34.15,36.18 2 0
github.com/akasprzok/peat/internal/commands/series.go:36.18,38.5 1 0
github.com/akasprzok/peat/internal/commands/series.go:39.4,39.34 1 0
github.com/akasprzok/peat/internal/commands/series.go:40.15,42.18 2 0
github.com/akasprzok/peat/internal/commands/series.go:42.18,44.5 1 0
github.com/akasprzok/peat/internal/commands/series.go:45.4,45.34 1 0
github.com/akasprzok/peat/internal/commands/series.go:47.8,49.3 1 0
github.com/akasprzok/peat/internal/commands/series.go:50.2,50.12 1 0
